**********************************************************
*  _____           __        ____                        *
* /\  __`\        /\ \__  __/\  _`\   __                 *
* \ \ \/\ \  _____\ \ ,_\/\_\ \,\L\_\/\_\    ___ ___     *
*  \ \ \ \ \/\ '__`\ \ \/\/\ \/_\__ \\/\ \ /' __` __`\   *
*   \ \ \_\ \ \ \L\ \ \ \_\ \ \/\ \L\ \ \ \/\ \/\ \/\ \  *
*    \ \_____\ \ ,__/\ \__\\ \_\ `\____\ \_\ \_\ \_\ \_\ *
*     \/_____/\ \ \/  \/__/ \/_/\/_____/\/_/\/_/\/_/\/_/ *
*              \ \_\                                     *
*               \/_/                                     *
*                     Version 0.6.0                      *
*                   by Michael Richter                   *
**********************************************************

tools used: <p>Python 3.4.3 - Qt 5.5.1 - PyQt 5.5.1 - Numpy 1.11.2rc1 - Scipy 0.18.1 - Matplotlib 1.4.3 - Colorpy 0.1.0 for Python 3 on Windows

Start simulating structure on Fri, 31 May 2024 15:11:19 ...

simulation settings:
	polarization: 0
	EMA model: 1
	MaterialDBPath: Z:\Detector\Software\OptiSim Version 0.6.0\materialDB
	LB correct for Reflection: True
	grading advanced: True
	roughness EMA model: True
	intensity: 100
	angle: 0
	roughness Haze calc diffuse: True, 100, 1e-05
	roughness Fresnel model: False
	spectrum: AM1.5G_ed2.9.dat
	wavelengthRange: 350, 1300, 5

start creating final stack...
	original stack with Name Stack_1 consists of 3 layers:
		Au		20 nm
		Pt		20 nm
		Ti		20 nm
	final stack created:
		Au		20 nm
		Pt		20 nm
		Ti		20 nm
... final stack creation time 0.035

calculate optics...

	load spectrum file Z:\Detector\Software\OptiSim Version 0.6.0\spectra\AM1.5G_ed2.9.dat...
	normalize total spectrum [W/m^2s] to wavelength-resolved [W/m^2s nm] to allow interpolation...
	calculate number of incoming photons per m^2s per wavelength = P / Eph...
	calculate maximum current Jmax = integr(q * N_ph)...
	--> Jmax is 51.4242 mA/cm^2
	--> total light intensity is 1002.8770 W/m^2
	--> scaled light intensity is 1002.8770 W/m^2
	load reference curve EQE reference from Z:\Detector\Software\OptiSim Version 0.6.0\references\EQE.dat...
	load reference curve R reference from Z:\Detector\Software\OptiSim Version 0.6.0\references\R.dat...
	create interface matrices for all layers...
	create partial system matrices for each layer...
	create system matrix...
	calculate stack optics...
	calculation of stack optics finished.

... optics calculated in 0.2360 s.


... done successfully!

**********************************************************
*  Finished after 0.5039 s                               *
*  Thank you for using OptiSim!                          *
**********************************************************
